#
# There is insufficient memory for the Java Runtime Environment to continue.
# Native memory allocation (malloc) failed to allocate 39845888 bytes for committing reserved memory.
# Possible reasons:
#   The system is out of physical RAM or swap space
#   In 32 bit mode, the process size limit was hit
# Possible solutions:
#   Reduce memory load on the system
#   Increase physical memory or swap space
#   Check if swap backing store is full
#   Use 64 bit Java on a 64 bit OS
#   Decrease Java heap size (-Xmx/-Xms)
#   Decrease number of Java threads
#   Decrease Java thread stack sizes (-Xss)
#   Set larger code cache with -XX:ReservedCodeCacheSize=
# This output file may be truncated or incomplete.
#
#  Out of Memory Error (os_linux.cpp:2827), pid=16313, tid=140615239358208
#
# JRE version: OpenJDK Runtime Environment (7.0_95) (build 1.7.0_95-b00)
# Java VM: OpenJDK 64-Bit Server VM (24.95-b01 mixed mode linux-amd64 compressed oops)
# Derivative: IcedTea 2.6.4
# Distribution: Ubuntu 14.04.3 LTS, package 7u95-2.6.4-0ubuntu0.14.04.1
# Failed to write core dump. Core dumps have been disabled. To enable core dumping, try "ulimit -c unlimited" before starting Java again
#

---------------  T H R E A D  ---------------

Current thread (0x00007fe390075000):  VMThread [stack: 0x00007fe389545000,0x00007fe389646000] [id=16322]

Stack: [0x00007fe389545000,0x00007fe389646000],  sp=0x00007fe389644490,  free space=1021k
Native frames: (J=compiled Java code, j=interpreted, Vv=VM code, C=native code)
V  [libjvm.so+0x9550e5]
V  [libjvm.so+0x4902b4]
V  [libjvm.so+0x7cf7bb]
V  [libjvm.so+0x7ca28f]
V  [libjvm.so+0x83e56b]
V  [libjvm.so+0x83f3e0]
V  [libjvm.so+0x83facb]
V  [libjvm.so+0x83b4d8]
V  [libjvm.so+0x83bd48]
V  [libjvm.so+0x7f1fd3]
V  [libjvm.so+0x956ae4]
V  [libjvm.so+0x95abe7]
V  [libjvm.so+0x9596a8]
V  [libjvm.so+0x959b09]
V  [libjvm.so+0x959f52]
V  [libjvm.so+0x7cc682]

VM_Operation (0x00007fe3998b36a0): ParallelGCFailedAllocation, mode: safepoint, requested by thread 0x00007fe39000e000


---------------  P R O C E S S  ---------------

Java Threads: ( => current thread )
  0x00007fe390e75000 JavaThread "clojure-agent-send-off-pool-1" [_thread_blocked, id=16331, stack(0x00007fe382ef2000,0x00007fe382ff3000)]
  0x00007fe390e74000 JavaThread "clojure-agent-send-off-pool-0" [_thread_blocked, id=16330, stack(0x00007fe382ffd000,0x00007fe3830fe000)]
  0x00007fe3900ad800 JavaThread "Service Thread" daemon [_thread_blocked, id=16328, stack(0x00007fe388c64000,0x00007fe388d65000)]
  0x00007fe3900ab800 JavaThread "C1 CompilerThread1" daemon [_thread_blocked, id=16327, stack(0x00007fe388d65000,0x00007fe388e66000)]
  0x00007fe3900a8800 JavaThread "C2 CompilerThread0" daemon [_thread_blocked, id=16326, stack(0x00007fe388e66000,0x00007fe388f67000)]
  0x00007fe3900a6800 JavaThread "Signal Dispatcher" daemon [_thread_blocked, id=16325, stack(0x00007fe388f67000,0x00007fe389068000)]
  0x00007fe39007b800 JavaThread "Finalizer" daemon [_thread_blocked, id=16324, stack(0x00007fe389343000,0x00007fe389444000)]
  0x00007fe390079000 JavaThread "Reference Handler" daemon [_thread_blocked, id=16323, stack(0x00007fe389444000,0x00007fe389545000)]
  0x00007fe39000e000 JavaThread "main" [_thread_blocked, id=16319, stack(0x00007fe3997cd000,0x00007fe3998ce000)]

Other Threads:
=>0x00007fe390075000 VMThread [stack: 0x00007fe389545000,0x00007fe389646000] [id=16322]
  0x00007fe3900b8800 WatcherThread [stack: 0x00007fe388b63000,0x00007fe388c64000] [id=16329]

VM state:at safepoint (normal execution)

VM Mutex/Monitor currently owned by a thread:  ([mutex/lock_event])
[0x00007fe39000a250] Threads_lock - owner thread: 0x00007fe390075000
[0x00007fe39000a750] Heap_lock - owner thread: 0x00007fe39000e000

Heap
 PSYoungGen      total 143360K, used 2898K [0x00000000f2200000, 0x00000000fb700000, 0x0000000100000000)
  eden space 134144K, 0% used [0x00000000f2200000,0x00000000f2200000,0x00000000fa500000)
  from space 9216K, 31% used [0x00000000fa500000,0x00000000fa7d4bf0,0x00000000fae00000)
  to   space 9216K, 0% used [0x00000000fae00000,0x00000000fae00000,0x00000000fb700000)
 ParOldGen       total 32256K, used 26363K [0x00000000d6600000, 0x00000000d8580000, 0x00000000f2200000)
  object space 32256K, 81% used [0x00000000d6600000,0x00000000d7fbef68,0x00000000d8580000)
 PSPermGen       total 32256K, used 20424K [0x00000000cc000000, 0x00000000cdf80000, 0x00000000d6600000)
  object space 32256K, 63% used [0x00000000cc000000,0x00000000cd3f2190,0x00000000cdf80000)

Card table byte_map: [0x00007fe3960e9000,0x00007fe39628a000] byte_map_base: 0x00007fe395a89000

Polling page: 0x00007fe3998f4000

Code Cache  [0x00007fe38a000000, 0x00007fe38a4d0000, 0x00007fe390000000)
 total_blobs=2255 nmethods=1967 adapters=222 free_code_cache=93416Kb largest_free_block=95657728

Compilation events (10 events):
Event: 11.416 Thread 0x00007fe3900ab800 1968       1       clojure.lang.ASeq::cons (10 bytes)
Event: 11.416 Thread 0x00007fe3900ab800 nmethod 1968 0x00007fe38a4c3f10 code [0x00007fe38a4c4060, 0x00007fe38a4c4230]
Event: 11.420 Thread 0x00007fe3900ab800 1969       1       clojure.lang.PersistentVector::assocN (135 bytes)
Event: 11.421 Thread 0x00007fe3900ab800 nmethod 1969 0x00007fe38a4c4290 code [0x00007fe38a4c4440, 0x00007fe38a4c4a38]
Event: 11.426 Thread 0x00007fe3900ab800 1970       1       clojure.lang.Tuple::create (24 bytes)
Event: 11.427 Thread 0x00007fe3900ab800 nmethod 1970 0x00007fe38a4c4c90 code [0x00007fe38a4c4e00, 0x00007fe38a4c5208]
Event: 11.445 Thread 0x00007fe3900ab800 1971       1       clojure.lang.Compiler$NewInstanceExpr::gatherMethods (83 bytes)
Event: 11.446 Thread 0x00007fe3900ab800 nmethod 1971 0x00007fe38a4c5410 code [0x00007fe38a4c5600, 0x00007fe38a4c5968]
Event: 11.446 Thread 0x00007fe3900ab800 1972       1       clojure.lang.Compiler$NewInstanceExpr::slashname (12 bytes)
Event: 11.446 Thread 0x00007fe3900ab800 nmethod 1972 0x00007fe38a4c5d10 code [0x00007fe38a4c5e80, 0x00007fe38a4c6018]

GC Heap History (10 events):
Event: 7.115 GC heap after
Heap after GC invocations=9 (full 0):
 PSYoungGen      total 68096K, used 3584K [0x00000000f2200000, 0x00000000f9100000, 0x0000000100000000)
  eden space 64512K, 0% used [0x00000000f2200000,0x00000000f2200000,0x00000000f6100000)
  from space 3584K, 100% used [0x00000000f6100000,0x00000000f6480000,0x00000000f6480000)
  to   space 5120K, 0% used [0x00000000f8c00000,0x00000000f8c00000,0x00000000f9100000)
 ParOldGen       total 19968K, used 11239K [0x00000000d6600000, 0x00000000d7980000, 0x00000000f2200000)
  object space 19968K, 56% used [0x00000000d6600000,0x00000000d70f9d78,0x00000000d7980000)
 PSPermGen       total 21504K, used 15371K [0x00000000cc000000, 0x00000000cd500000, 0x00000000d6600000)
  object space 21504K, 71% used [0x00000000cc000000,0x00000000ccf02c18,0x00000000cd500000)
}
Event: 7.533 GC heap before
{Heap before GC invocations=10 (full 0):
 PSYoungGen      total 68096K, used 68096K [0x00000000f2200000, 0x00000000f9100000, 0x0000000100000000)
  eden space 64512K, 100% used [0x00000000f2200000,0x00000000f6100000,0x00000000f6100000)
  from space 3584K, 100% used [0x00000000f6100000,0x00000000f6480000,0x00000000f6480000)
  to   space 5120K, 0% used [0x00000000f8c00000,0x00000000f8c00000,0x00000000f9100000)
 ParOldGen       total 19968K, used 11239K [0x00000000d6600000, 0x00000000d7980000, 0x00000000f2200000)
  object space 19968K, 56% used [0x00000000d6600000,0x00000000d70f9d78,0x00000000d7980000)
 PSPermGen       total 21504K, used 15953K [0x00000000cc000000, 0x00000000cd500000, 0x00000000d6600000)
  object space 21504K, 74% used [0x00000000cc000000,0x00000000ccf944f8,0x00000000cd500000)
Event: 7.566 GC heap after
Heap after GC invocations=10 (full 0):
 PSYoungGen      total 105984K, used 5120K [0x00000000f2200000, 0x00000000f9600000, 0x0000000100000000)
  eden space 100864K, 0% used [0x00000000f2200000,0x00000000f2200000,0x00000000f8480000)
  from space 5120K, 100% used [0x00000000f8c00000,0x00000000f9100000,0x00000000f9100000)
  to   space 7680K, 0% used [0x00000000f8480000,0x00000000f8480000,0x00000000f8c00000)
 ParOldGen       total 19968K, used 16770K [0x00000000d6600000, 0x00000000d7980000, 0x00000000f2200000)
  object space 19968K, 83% used [0x00000000d6600000,0x00000000d7660ba0,0x00000000d7980000)
 PSPermGen       total 21504K, used 15953K [0x00000000cc000000, 0x00000000cd500000, 0x00000000d6600000)
  object space 21504K, 74% used [0x00000000cc000000,0x00000000ccf944f8,0x00000000cd500000)
}
Event: 7.566 GC heap before
{Heap before GC invocations=11 (full 1):
 PSYoungGen      total 105984K, used 5120K [0x00000000f2200000, 0x00000000f9600000, 0x0000000100000000)
  eden space 100864K, 0% used [0x00000000f2200000,0x00000000f2200000,0x00000000f8480000)
  from space 5120K, 100% used [0x00000000f8c00000,0x00000000f9100000,0x00000000f9100000)
  to   space 7680K, 0% used [0x00000000f8480000,0x00000000f8480000,0x00000000f8c00000)
 ParOldGen       total 19968K, used 16770K [0x00000000d6600000, 0x00000000d7980000, 0x00000000f2200000)
  object space 19968K, 83% used [0x00000000d6600000,0x00000000d7660ba0,0x00000000d7980000)
 PSPermGen       total 21504K, used 15953K [0x00000000cc000000, 0x00000000cd500000, 0x00000000d6600000)
  object space 21504K, 74% used [0x00000000cc000000,0x00000000ccf944f8,0x00000000cd500000)
Event: 7.797 GC heap after
Heap after GC invocations=11 (full 1):
 PSYoungGen      total 105984K, used 0K [0x00000000f2200000, 0x00000000f9600000, 0x0000000100000000)
  eden space 100864K, 0% used [0x00000000f2200000,0x00000000f2200000,0x00000000f8480000)
  from space 5120K, 0% used [0x00000000f8c00000,0x00000000f8c00000,0x00000000f9100000)
  to   space 7680K, 0% used [0x00000000f8480000,0x00000000f8480000,0x00000000f8c00000)
 ParOldGen       total 32256K, used 15828K [0x00000000d6600000, 0x00000000d8580000, 0x00000000f2200000)
  object space 32256K, 49% used [0x00000000d6600000,0x00000000d7575300,0x00000000d8580000)
 PSPermGen       total 32256K, used 15943K [0x00000000cc000000, 0x00000000cdf80000, 0x00000000d6600000)
  object space 32256K, 49% used [0x00000000cc000000,0x00000000ccf91c10,0x00000000cdf80000)
}
Event: 8.378 GC heap before
{Heap before GC invocations=12 (full 1):
 PSYoungGen      total 105984K, used 100864K [0x00000000f2200000, 0x00000000f9600000, 0x0000000100000000)
  eden space 100864K, 100% used [0x00000000f2200000,0x00000000f8480000,0x00000000f8480000)
  from space 5120K, 0% used [0x00000000f8c00000,0x00000000f8c00000,0x00000000f9100000)
  to   space 7680K, 0% used [0x00000000f8480000,0x00000000f8480000,0x00000000f8c00000)
 ParOldGen       total 32256K, used 15828K [0x00000000d6600000, 0x00000000d8580000, 0x00000000f2200000)
  object space 32256K, 49% used [0x00000000d6600000,0x00000000d7575300,0x00000000d8580000)
 PSPermGen       total 32256K, used 16404K [0x00000000cc000000, 0x00000000cdf80000, 0x00000000d6600000)
  object space 32256K, 50% used [0x00000000cc000000,0x00000000cd0053e8,0x00000000cdf80000)
Event: 8.407 GC heap after
Heap after GC invocations=12 (full 1):
 PSYoungGen      total 108544K, used 7664K [0x00000000f2200000, 0x00000000fb700000, 0x0000000100000000)
  eden space 100864K, 0% used [0x00000000f2200000,0x00000000f2200000,0x00000000f8480000)
  from space 7680K, 99% used [0x00000000f8480000,0x00000000f8bfc030,0x00000000f8c00000)
  to   space 9216K, 0% used [0x00000000fae00000,0x00000000fae00000,0x00000000fb700000)
 ParOldGen       total 32256K, used 16769K [0x00000000d6600000, 0x00000000d8580000, 0x00000000f2200000)
  object space 32256K, 51% used [0x00000000d6600000,0x00000000d76604a8,0x00000000d8580000)
 PSPermGen       total 32256K, used 16404K [0x00000000cc000000, 0x00000000cdf80000, 0x00000000d6600000)
  object space 32256K, 50% used [0x00000000cc000000,0x00000000cd0053e8,0x00000000cdf80000)
}
Event: 9.598 GC heap before
{Heap before GC invocations=13 (full 1):
 PSYoungGen      total 108544K, used 108528K [0x00000000f2200000, 0x00000000fb700000, 0x0000000100000000)
  eden space 100864K, 100% used [0x00000000f2200000,0x00000000f8480000,0x00000000f8480000)
  from space 7680K, 99% used [0x00000000f8480000,0x00000000f8bfc030,0x00000000f8c00000)
  to   space 9216K, 0% used [0x00000000fae00000,0x00000000fae00000,0x00000000fb700000)
 ParOldGen       total 32256K, used 16769K [0x00000000d6600000, 0x00000000d8580000, 0x00000000f2200000)
  object space 32256K, 51% used [0x00000000d6600000,0x00000000d76604a8,0x00000000d8580000)
 PSPermGen       total 32256K, used 18044K [0x00000000cc000000, 0x00000000cdf80000, 0x00000000d6600000)
  object space 32256K, 55% used [0x00000000cc000000,0x00000000cd19f050,0x00000000cdf80000)
Event: 9.640 GC heap after
Heap after GC invocations=13 (full 1):
 PSYoungGen      total 143360K, used 2480K [0x00000000f2200000, 0x00000000fb700000, 0x0000000100000000)
  eden space 134144K, 0% used [0x00000000f2200000,0x00000000f2200000,0x00000000fa500000)
  from space 9216K, 26% used [0x00000000fae00000,0x00000000fb06c010,0x00000000fb700000)
  to   space 9216K, 0% used [0x00000000fa500000,0x00000000fa500000,0x00000000fae00000)
 ParOldGen       total 32256K, used 24188K [0x00000000d6600000, 0x00000000d8580000, 0x00000000f2200000)
  object space 32256K, 74% used [0x00000000d6600000,0x00000000d7d9f008,0x00000000d8580000)
 PSPermGen       total 32256K, used 18044K [0x00000000cc000000, 0x00000000cdf80000, 0x00000000d6600000)
  object space 32256K, 55% used [0x00000000cc000000,0x00000000cd19f050,0x00000000cdf80000)
}
Event: 11.449 GC heap before
{Heap before GC invocations=14 (full 1):
 PSYoungGen      total 143360K, used 136624K [0x00000000f2200000, 0x00000000fb700000, 0x0000000100000000)
  eden space 134144K, 100% used [0x00000000f2200000,0x00000000fa500000,0x00000000fa500000)
  from space 9216K, 26% used [0x00000000fae00000,0x00000000fb06c010,0x00000000fb700000)
  to   space 9216K, 0% used [0x00000000fa500000,0x00000000fa500000,0x00000000fae00000)
 ParOldGen       total 32256K, used 24188K [0x00000000d6600000, 0x00000000d8580000, 0x00000000f2200000)
  object space 32256K, 74% used [0x00000000d6600000,0x00000000d7d9f008,0x00000000d8580000)
 PSPermGen       total 32256K, used 20424K [0x00000000cc000000, 0x00000000cdf80000, 0x00000000d6600000)
  object space 32256K, 63% used [0x00000000cc000000,0x00000000cd3f2190,0x00000000cdf80000)

Deoptimization events (0 events):
No events

Internal exceptions (10 events):
Event: 11.390 Thread 0x00007fe39000e000 Threw 0x00000000fa08d8a8 at /build/openjdk-7-2FOwCu/openjdk-7-7u95-2.6.4/build/openjdk/hotspot/src/share/vm/prims/jvm.cpp:1322
Event: 11.390 Thread 0x00007fe39000e000 Threw 0x00000000fa08ecb8 at /build/openjdk-7-2FOwCu/openjdk-7-7u95-2.6.4/build/openjdk/hotspot/src/share/vm/prims/jvm.cpp:1322
Event: 11.390 Thread 0x00007fe39000e000 Threw 0x00000000fa0900c8 at /build/openjdk-7-2FOwCu/openjdk-7-7u95-2.6.4/build/openjdk/hotspot/src/share/vm/prims/jvm.cpp:1322
Event: 11.390 Thread 0x00007fe39000e000 Threw 0x00000000fa0914d8 at /build/openjdk-7-2FOwCu/openjdk-7-7u95-2.6.4/build/openjdk/hotspot/src/share/vm/prims/jvm.cpp:1322
Event: 11.390 Thread 0x00007fe39000e000 Threw 0x00000000fa0928e8 at /build/openjdk-7-2FOwCu/openjdk-7-7u95-2.6.4/build/openjdk/hotspot/src/share/vm/prims/jvm.cpp:1322
Event: 11.390 Thread 0x00007fe39000e000 Threw 0x00000000fa093cf8 at /build/openjdk-7-2FOwCu/openjdk-7-7u95-2.6.4/build/openjdk/hotspot/src/share/vm/prims/jvm.cpp:1322
Event: 11.390 Thread 0x00007fe39000e000 Threw 0x00000000fa094f08 at /build/openjdk-7-2FOwCu/openjdk-7-7u95-2.6.4/build/openjdk/hotspot/src/share/vm/prims/jvm.cpp:1322
Event: 11.391 Thread 0x00007fe39000e000 Threw 0x00000000fa096118 at /build/openjdk-7-2FOwCu/openjdk-7-7u95-2.6.4/build/openjdk/hotspot/src/share/vm/prims/jvm.cpp:1322
Event: 11.391 Thread 0x00007fe39000e000 Threw 0x00000000fa097328 at /build/openjdk-7-2FOwCu/openjdk-7-7u95-2.6.4/build/openjdk/hotspot/src/share/vm/prims/jvm.cpp:1322
Event: 11.391 Thread 0x00007fe39000e000 Threw 0x00000000fa098538 at /build/openjdk-7-2FOwCu/openjdk-7-7u95-2.6.4/build/openjdk/hotspot/src/share/vm/prims/jvm.cpp:1322

Events (10 events):
Event: 10.905 loading class 0x00007fe39023d080 done
Event: 10.913 loading class 0x00007fe390d650b0
Event: 10.913 loading class 0x00007fe390d650b0 done
Event: 11.318 loading class 0x00007fe3903269d0
Event: 11.318 loading class 0x00007fe3903269d0 done
Event: 11.370 loading class 0x00007fe390353ee0
Event: 11.370 loading class 0x00007fe390353ee0 done
Event: 11.387 loading class 0x00007fe39097a420
Event: 11.387 loading class 0x00007fe39097a420 done
Event: 11.449 Executing VM operation: ParallelGCFailedAllocation


Dynamic libraries:
00400000-00401000 r-xp 00000000 08:05 2761355                            /usr/lib/jvm/java-7-openjdk-amd64/jre/bin/java
00600000-00601000 r--p 00000000 08:05 2761355                            /usr/lib/jvm/java-7-openjdk-amd64/jre/bin/java
00601000-00602000 rw-p 00001000 08:05 2761355                            /usr/lib/jvm/java-7-openjdk-amd64/jre/bin/java
013b5000-013d6000 rw-p 00000000 00:00 0                                  [heap]
cc000000-cdf80000 rw-p 00000000 00:00 0 
cdf80000-d6600000 rw-p 00000000 00:00 0 
d6600000-d8580000 rw-p 00000000 00:00 0 
d8580000-f2200000 rw-p 00000000 00:00 0 
f2200000-fb700000 rw-p 00000000 00:00 0 
fdd00000-100000000 rw-p 00000000 00:00 0 
7fe34c000000-7fe34c021000 rw-p 00000000 00:00 0 
7fe34c021000-7fe350000000 ---p 00000000 00:00 0 
7fe354000000-7fe354021000 rw-p 00000000 00:00 0 
7fe354021000-7fe358000000 ---p 00000000 00:00 0 
7fe35c000000-7fe35c021000 rw-p 00000000 00:00 0 
7fe35c021000-7fe360000000 ---p 00000000 00:00 0 
7fe360000000-7fe360021000 rw-p 00000000 00:00 0 
7fe360021000-7fe364000000 ---p 00000000 00:00 0 
7fe364000000-7fe364021000 rw-p 00000000 00:00 0 
7fe364021000-7fe368000000 ---p 00000000 00:00 0 
7fe368000000-7fe3684ca000 rw-p 00000000 00:00 0 
7fe3684ca000-7fe36c000000 ---p 00000000 00:00 0 
7fe36c000000-7fe36c021000 rw-p 00000000 00:00 0 
7fe36c021000-7fe370000000 ---p 00000000 00:00 0 
7fe370000000-7fe370021000 rw-p 00000000 00:00 0 
7fe370021000-7fe374000000 ---p 00000000 00:00 0 
7fe374000000-7fe374021000 rw-p 00000000 00:00 0 
7fe374021000-7fe378000000 ---p 00000000 00:00 0 
7fe378000000-7fe378021000 rw-p 00000000 00:00 0 
7fe378021000-7fe37c000000 ---p 00000000 00:00 0 
7fe37c000000-7fe37c021000 rw-p 00000000 00:00 0 
7fe37c021000-7fe380000000 ---p 00000000 00:00 0 
7fe382ef2000-7fe382ef5000 ---p 00000000 00:00 0 
7fe382ef5000-7fe382ff3000 rw-p 00000000 00:00 0                          [stack:16331]
7fe382ffc000-7fe382ffd000 rw-p 00000000 00:00 0 
7fe382ffd000-7fe383000000 ---p 00000000 00:00 0 
7fe383000000-7fe3830fe000 rw-p 00000000 00:00 0                          [stack:16330]
7fe3830fe000-7fe38311f000 r--s 0015a000 00:1a 1576769                    /home/smir/.m2/repository/org/bouncycastle/bcprov-jdk14/1.38/bcprov-jdk14-1.38.jar
7fe38311f000-7fe383120000 r--s 00004000 00:1a 1576751                    /home/smir/.m2/repository/com/github/rwl/COLAMDJ/1.0.1/COLAMDJ-1.0.1.jar
7fe383120000-7fe383122000 r--s 00006000 00:1a 1576728                    /home/smir/.m2/repository/net/sourceforge/jplasma/core-lapack/0.1/core-lapack-0.1.jar
7fe383122000-7fe383124000 r--s 00010000 00:1a 1576797                    /home/smir/.m2/repository/commons-codec/commons-codec/1.5/commons-codec-1.5.jar
7fe383124000-7fe383144000 r--s 001a9000 00:1a 1576802                    /home/smir/.m2/repository/org/apache/poi/poi/3.9/poi-3.9.jar
7fe383144000-7fe383147000 r--s 00013000 00:1a 1576720                    /home/smir/.m2/repository/us/bpsm/edn-java/0.4.4/edn-java-0.4.4.jar
7fe383147000-7fe383148000 r--s 00004000 00:1a 1576818                    /home/smir/.m2/repository/net/mikera/clojure-utils/0.6.1/clojure-utils-0.6.1.jar
7fe383148000-7fe383149000 r--s 00017000 00:1a 1576823                    /home/smir/.m2/repository/net/mikera/core.matrix/0.32.1/core.matrix-0.32.1.jar
7fe383149000-7fe38314a000 r--s 00003000 00:1a 1576722                    /home/smir/.m2/repository/net/mikera/randomz/0.3.0/randomz-0.3.0.jar
7fe38314a000-7fe383156000 r--s 000f1000 00:1a 2361071                    /home/smir/.m2/repository/gorilla-repl/gorilla-repl/0.3.5/gorilla-repl-0.3.5.jar
7fe383156000-7fe383158000 r--s 00006000 00:1a 1576746                    /home/smir/.m2/repository/com/github/rwl/AMDJ/1.0.1/AMDJ-1.0.1.jar
7fe383158000-7fe383159000 r--s 00002000 00:1a 1576762                    /home/smir/.m2/repository/clout/clout/1.2.0/clout-1.2.0.jar
7fe383159000-7fe38315a000 r--s 00001000 00:1a 1704268                    /home/smir/.m2/repository/gorilla-plot/gorilla-plot/0.1.3/gorilla-plot-0.1.3.jar
7fe38315a000-7fe38315b000 r--s 00006000 00:1a 1576826                    /home/smir/.m2/repository/incanter/incanter-charts/1.9.0/incanter-charts-1.9.0.jar
7fe38315b000-7fe383162000 r--s 00058000 00:1a 1576757                    /home/smir/.m2/repository/org/mongodb/mongo-java-driver/2.9.3/mongo-java-driver-2.9.3.jar
7fe383162000-7fe383163000 r--s 00007000 00:1a 1576101                    /home/smir/.m2/repository/org/clojure/tools.reader/0.8.1/tools.reader-0.8.1.jar
7fe383163000-7fe383165000 r--s 00015000 00:1a 1576726                    /home/smir/.m2/repository/net/sourceforge/jplasma/jplasma/1.2.0/jplasma-1.2.0.jar
7fe383165000-7fe383167000 r--s 00017000 00:1a 1576817                    /home/smir/.m2/repository/incanter/incanter-core/1.9.0/incanter-core-1.9.0.jar
7fe383167000-7fe383168000 r--s 00001000 00:1a 1576847                    /home/smir/.m2/repository/incanter/incanter-zoo/1.9.0/incanter-zoo-1.9.0.jar
7fe383168000-7fe38316c000 r--s 00027000 00:1a 1576776                    /home/smir/.m2/repository/org/apache/xmlgraphics/batik-dom/1.7/batik-dom-1.7.jar
7fe38316c000-7fe383171000 r--s 00048000 00:1a 1576807                    /home/smir/.m2/repository/dom4j/dom4j/1.6.1/dom4j-1.6.1.jar
7fe383171000-7fe383176000 r--s 00010000 00:1a 1576782                    /home/smir/.m2/repository/xml-apis/xml-apis-ext/1.3.04/xml-apis-ext-1.3.04.jar
7fe383176000-7fe383178000 r--s 00006000 00:1a 1576133                    /home/smir/.m2/repository/org/slf4j/slf4j-api/1.7.7/slf4j-api-1.7.7.jar
7fe383178000-7fe38317b000 r--s 0001d000 00:1a 1576788                    /home/smir/.m2/repository/org/apache/xmlgraphics/batik-util/1.7/batik-util-1.7.jar
7fe38317b000-7fe38317c000 r--s 00007000 00:1a 1576791                    /home/smir/.m2/repository/org/apache/xmlgraphics/batik-xml/1.7/batik-xml-1.7.jar
7fe38317c000-7fe38317e000 r--s 00001000 00:1a 1576824                    /home/smir/.m2/repository/org/danlarkin/clojure-json/1.1/clojure-json-1.1.jar
7fe38317e000-7fe383180000 r--s 00000000 00:1a 1576243                    /home/smir/.m2/repository/ring/ring-json/0.3.1/ring-json-0.3.1.jar
7fe383180000-7fe383181000 r--s 00001000 00:1a 1576716                    /home/smir/.m2/repository/org/clojure/math.combinatorics/0.0.8/math.combinatorics-0.0.8.jar
7fe383181000-7fe38318d000 r--s 000af000 00:1a 1576732                    /home/smir/.m2/repository/net/sourceforge/jtransforms/jtransforms/2.4.0/jtransforms-2.4.0.jar
7fe38318d000-7fe38318f000 r--s 00002000 00:1a 1576257                    /home/smir/.m2/repository/compojure/compojure/1.1.8/compojure-1.1.8.jar
7fe38318f000-7fe383191000 r--s 00003000 00:1a 1576830                    /home/smir/.m2/repository/clj-time/clj-time/0.6.0/clj-time-0.6.0.jar
7fe383191000-7fe383197000 r--s 0003d000 00:1a 1704243                    /home/smir/.m2/repository/ch/qos/logback/logback-classic/1.1.2/logback-classic-1.1.2.jar
7fe383197000-7fe383199000 r--s 00001000 00:1a 1576744                    /home/smir/.m2/repository/com/github/rwl/BTFJ/1.0.1/BTFJ-1.0.1.jar
7fe383199000-7fe38319f000 r--s 0002d000 00:1a 1979579                    /home/smir/.m2/repository/cider/cider-nrepl/0.10.2/cider-nrepl-0.10.2.jar
7fe38319f000-7fe3831a0000 r--s 00009000 00:1a 1589739                    /home/smir/.m2/repository/org/clojure/tools.nrepl/0.2.12/tools.nrepl-0.2.12.jar
7fe3831a0000-7fe3831a2000 r--s 0000f000 00:1a 1576110                    /home/smir/.m2/repository/commons-fileupload/commons-fileupload/1.3/commons-fileupload-1.3.jar
7fe3831a2000-7fe3831b3000 r--s 0014c000 00:1a 1576827                    /home/smir/.m2/repository/incanter/jfreechart/1.0.13-no-gnujaxp/jfreechart-1.0.13-no-gnujaxp.jar
7fe3831b3000-7fe3831b4000 r--s 00001000 00:1a 1576819                    /home/smir/.m2/repository/incanter/incanter-io/1.9.0/incanter-io-1.9.0.jar
7fe3831b4000-7fe3831b5000 r--s 00001000 00:1a 1576842                    /home/smir/.m2/repository/incanter/incanter-excel/1.9.0/incanter-excel-1.9.0.jar
7fe3831b5000-7fe3831b7000 r--s 0000f000 00:1a 1576738                    /home/smir/.m2/repository/net/sourceforge/parallelcolt/optimization/1.0/optimization-1.0.jar
7fe3831b7000-7fe3831bb000 r--s 0002b000 00:1a 1576764                    /home/smir/.m2/repository/bouncycastle/bcmail-jdk14/138/bcmail-jdk14-138.jar
7fe3831bb000-7fe3831dc000 r--s 0015a000 00:1a 1576765                    /home/smir/.m2/repository/bouncycastle/bcprov-jdk14/138/bcprov-jdk14-138.jar
7fe3831dc000-7fe383270000 r--s 00401000 00:1a 1576800                    /home/smir/.m2/repository/org/apache/poi/poi-ooxml-schemas/3.9/poi-ooxml-schemas-3.9.jar
7fe383270000-7fe3832ad000 r-xp 00000000 08:05 266338                     /lib/x86_64-linux-gnu/libpcre.so.3.13.1
7fe3832ad000-7fe3834ac000 ---p 0003d000 08:05 266338                     /lib/x86_64-linux-gnu/libpcre.so.3.13.1
7fe3834ac000-7fe3834ad000 r--p 0003c000 08:05 266338                     /lib/x86_64-linux-gnu/libpcre.so.3.13.1
7fe3834ad000-7fe3834ae000 rw-p 0003d000 08:05 266338                     /lib/x86_64-linux-gnu/libpcre.so.3.13.1
7fe3834ae000-7fe3834b5000 r-xp 00000000 08:05 2631053                    /usr/lib/x86_64-linux-gnu/libffi.so.6.0.1
7fe3834b5000-7fe3836b4000 ---p 00007000 08:05 2631053                    /usr/lib/x86_64-linux-gnu/libffi.so.6.0.1
7fe3836b4000-7fe3836b5000 r--p 00006000 08:05 2631053                    /usr/lib/x86_64-linux-gnu/libffi.so.6.0.1
7fe3836b5000-7fe3836b6000 rw-p 00007000 08:05 2631053                    /usr/lib/x86_64-linux-gnu/libffi.so.6.0.1
7fe3836b6000-7fe3836cd000 r-xp 00000000 08:05 262877                     /lib/x86_64-linux-gnu/libresolv-2.19.so
7fe3836cd000-7fe3838cd000 ---p 00017000 08:05 262877                     /lib/x86_64-linux-gnu/libresolv-2.19.so
7fe3838cd000-7fe3838ce000 r--p 00017000 08:05 262877                     /lib/x86_64-linux-gnu/libresolv-2.19.so
7fe3838ce000-7fe3838cf000 rw-p 00018000 08:05 262877                     /lib/x86_64-linux-gnu/libresolv-2.19.so
7fe3838cf000-7fe3838d1000 rw-p 00000000 00:00 0 
7fe3838d1000-7fe3838f1000 r-xp 00000000 08:05 266463                     /lib/x86_64-linux-gnu/libselinux.so.1
7fe3838f1000-7fe383af0000 ---p 00020000 08:05 266463                     /lib/x86_64-linux-gnu/libselinux.so.1
7fe383af0000-7fe383af1000 r--p 0001f000 08:05 266463                     /lib/x86_64-linux-gnu/libselinux.so.1
7fe383af1000-7fe383af2000 rw-p 00020000 08:05 266463                     /lib/x86_64-linux-gnu/libselinux.so.1
7fe383af2000-7fe383af4000 rw-p 00000000 00:00 0 
7fe383af4000-7fe383af7000 r-xp 00000000 08:05 2629854                    /usr/lib/x86_64-linux-gnu/libgmodule-2.0.so.0.4002.0
7fe383af7000-7fe383cf6000 ---p 00003000 08:05 2629854                    /usr/lib/x86_64-linux-gnu/libgmodule-2.0.so.0.4002.0
7fe383cf6000-7fe383cf7000 r--p 00002000 08:05 2629854                    /usr/lib/x86_64-linux-gnu/libgmodule-2.0.so.0.4002.0
7fe383cf7000-7fe383cf8000 rw-p 00003000 08:05 2629854                    /usr/lib/x86_64-linux-gnu/libgmodule-2.0.so.0.4002.0
7fe383cf8000-7fe383dfe000 r-xp 00000000 08:05 266363                     /lib/x86_64-linux-gnu/libglib-2.0.so.0.4002.0
7fe383dfe000-7fe383ffd000 ---p 00106000 08:05 266363                     /lib/x86_64-linux-gnu/libglib-2.0.so.0.4002.0
7fe383ffd000-7fe383ffe000 r--p 00105000 08:05 266363                     /lib/x86_64-linux-gnu/libglib-2.0.so.0.4002.0
7fe383ffe000-7fe383fff000 rw-p 00106000 08:05 266363                     /lib/x86_64-linux-gnu/libglib-2.0.so.0.4002.0
7fe383fff000-7fe384000000 rw-p 00000000 00:00 0 
7fe384000000-7fe384021000 rw-p 00000000 00:00 0 
7fe384021000-7fe388000000 ---p 00000000 00:00 0 
7fe388000000-7fe388005000 r--s 00030000 00:1a 1576784                    /home/smir/.m2/repository/org/apache/xmlgraphics/batik-svggen/1.7/batik-svggen-1.7.jar
7fe388005000-7fe388006000 r--s 00005000 00:1a 1576766                    /home/smir/.m2/repository/org/bouncycastle/bctsp-jdk14/1.38/bctsp-jdk14-1.38.jar
7fe388006000-7fe388008000 r--s 00001000 00:1a 1576719                    /home/smir/.m2/repository/net/mikera/mathz/0.3.0/mathz-0.3.0.jar
7fe388008000-7fe38800c000 r--s 0002a000 00:1a 1576112                    /home/smir/.m2/repository/commons-io/commons-io/2.4/commons-io-2.4.jar
7fe38800c000-7fe38800e000 r--s 00001000 00:1a 1704267                    /home/smir/.m2/repository/gorilla-renderable/gorilla-renderable/2.0.0/gorilla-renderable-2.0.0.jar
7fe38800e000-7fe38800f000 r--s 00000000 00:1a 1576840                    /home/smir/.m2/repository/incanter/incanter-svg/1.9.0/incanter-svg-1.9.0.jar
7fe38800f000-7fe388011000 r--s 0001f000 00:1a 1576740                    /home/smir/.m2/repository/com/googlecode/netlib-java/netlib-java/0.9.3/netlib-java-0.9.3.jar
7fe388011000-7fe388012000 r--s 00000000 00:1a 1576835                    /home/smir/.m2/repository/incanter/incanter-pdf/1.9.0/incanter-pdf-1.9.0.jar
7fe388012000-7fe388013000 r--s 00003000 00:1a 1576836                    /home/smir/.m2/repository/congomongo/congomongo/0.3.3/congomongo-0.3.3.jar
7fe388013000-7fe388014000 r--s 00001000 00:1a 1576841                    /home/smir/.m2/repository/incanter/incanter-latex/1.9.0/incanter-latex-1.9.0.jar
7fe388014000-7fe388015000 r--s 00004000 00:1a 1576850                    /home/smir/.m2/repository/clojureql/clojureql/1.0.4/clojureql-1.0.4.jar
7fe388015000-7fe388016000 r--s 00002000 00:1a 1979639                    /home/smir/.m2/repository/clojure-complete/clojure-complete/0.2.4/clojure-complete-0.2.4.jar
7fe388016000-7fe388019000 r--s 00019000 00:1a 1576248                    /home/smir/.m2/repository/http-kit/http-kit/2.1.18/http-kit-2.1.18.jar
7fe388019000-7fe38801a000 r--s 00004000 00:1a 1576816                    /home/smir/.m2/repository/net/mikera/vectorz-clj/0.28.0/vectorz-clj-0.28.0.jar
7fe38801a000-7fe38801c000 r--s 00018000 00:1a 1704248                    /home/smir/.m2/repository/javax/servlet/servlet-api/2.5/servlet-api-2.5.jar
7fe38801c000-7fe388024000 r--s 00028000 00:1a 1576781                    /home/smir/.m2/repository/xml-apis/xml-apis/1.3.04/xml-apis-1.3.04.jar
7fe388024000-7fe388025000 r--s 00002000 00:1a 1576810                    /home/smir/.m2/repository/org/clojure/java.jdbc/0.2.3/java.jdbc-0.2.3.jar
7fe388025000-7fe38802b000 r--s 0002e000 00:1a 1576736                    /home/smir/.m2/repository/net/sourceforge/csparsej/csparsej/1.1.1/csparsej-1.1.1.jar
7fe38802b000-7fe388031000 r--s 00046000 00:1a 1576829                    /home/smir/.m2/repository/incanter/jcommon/1.0.16/jcommon-1.0.16.jar
7fe388031000-7fe388032000 r--s 00002000 00:1a 1576814                    /home/smir/.m2/repository/incanter/incanter/1.9.0/incanter-1.9.0.jar
7fe388032000-7fe388038000 r--s 00034000 00:1a 1576734                    /home/smir/.m2/repository/junit/junit/4.8.2/junit-4.8.2.jar
7fe388038000-7fe388040000 r--s 00095000 00:1a 1576718                    /home/smir/.m2/repository/net/mikera/vectorz/0.44.0/vectorz-0.44.0.jar
7fe388040000-7fe388048000 r--s 0005b000 00:1a 1576787                    /home/smir/.m2/repository/org/apache/xmlgraphics/batik-awt-util/1.7/batik-awt-util-1.7.jar
7fe388048000-7fe388049000 r--s 00002000 00:1a 1576775                    /home/smir/.m2/repository/org/apache/xmlgraphics/batik-ext/1.7/batik-ext-1.7.jar
7fe388049000-7fe388050000 r--s 00045000 00:1a 1576773                    /home/smir/.m2/repository/org/apache/xmlgraphics/batik-css/1.7/batik-css-1.7.jar
7fe388050000-7fe388052000 r--s 00000000 00:1a 1576758                    /home/smir/.m2/repository/org/clojure/core.incubator/0.1.2/core.incubator-0.1.2.jar
7fe388052000-7fe388054000 r--s 00000000 00:1a 1704245                    /home/smir/.m2/repository/org/clojure/data.codec/0.1.0/data.codec-0.1.0.jar
7fe388054000-7fe38805e000 r--s 0005f000 00:1a 1704244                    /home/smir/.m2/repository/ch/qos/logback/logback-core/1.1.2/logback-core-1.1.2.jar
7fe38805e000-7fe38806e000 r--s 0007d000 00:1a 1576756                    /home/smir/.m2/repository/joda-time/joda-time/2.2/joda-time-2.2.jar
7fe38806e000-7fe38807a000 r--s 000d9000 00:1a 1576795                    /home/smir/.m2/repository/org/apache/poi/poi-ooxml/3.9/poi-ooxml-3.9.jar
7fe38807a000-7fe38807c000 r--s 00000000 00:1a 1576834                    /home/smir/.m2/repository/incanter/incanter-mongodb/1.9.0/incanter-mongodb-1.9.0.jar
7fe38807c000-7fe388080000 r--s 0002b000 00:1a 1576770                    /home/smir/.m2/repository/org/bouncycastle/bcmail-jdk14/1.38/bcmail-jdk14-1.38.jar
7fe388080000-7fe388081000 r--s 00004000 00:1a 1576255                    /home/smir/.m2/repository/cheshire/cheshire/5.3.1/cheshire-5.3.1.jar
7fe388081000-7fe388085000 r--s 0002d000 00:1a 1576122                    /home/smir/.m2/repository/com/fasterxml/jackson/core/jackson-core/2.3.1/jackson-core-2.3.1.jar
7fe388085000-7fe388086000 r--s 00000000 00:1a 1576239                    /home/smir/.m2/repository/ring/ring-codec/1.0.0/ring-codec-1.0.0.jar
7fe388086000-7fe3880d0000 r--s 003a2000 00:1a 1576730                    /home/smir/.m2/repository/net/sourceforge/parallelcolt/parallelcolt/0.10.1/parallelcolt-0.10.1.jar
7fe3880d0000-7fe3880f5000 r--s 002dc000 00:1a 1576778                    /home/smir/.m2/repository/xalan/xalan/2.6.0/xalan-2.6.0.jar
7fe3880f5000-7fe388132000 r--s 0024f000 00:1a 1576801                    /home/smir/.m2/repository/org/apache/xmlbeans/xmlbeans/2.3.0/xmlbeans-2.3.0.jar
7fe388132000-7fe388181000 r-xp 00000000 08:05 2629878                    /usr/lib/x86_64-linux-gnu/libgobject-2.0.so.0.4002.0
7fe388181000-7fe388381000 ---p 0004f000 08:05 2629878                    /usr/lib/x86_64-linux-gnu/libgobject-2.0.so.0.4002.0
7fe388381000-7fe388382000 r--p 0004f000 08:05 2629878                    /usr/lib/x86_64-linux-gnu/libgobject-2.0.so.0.4002.0
7fe388382000-7fe388383000 rw-p 00050000 08:05 2629878                    /usr/lib/x86_64-linux-gnu/libgobject-2.0.so.0.4002.0
7fe388383000-7fe3884ef000 r-xp 00000000 08:05 2629838                    /usr/lib/x86_64-linux-gnu/libgio-2.0.so.0.4002.0
7fe3884ef000-7fe3886ee000 ---p 0016c000 08:05 2629838                    /usr/lib/x86_64-linux-gnu/libgio-2.0.so.0.4002.0
7fe3886ee000-7fe3886f2000 r--p 0016b000 08:05 2629838                    /usr/lib/x86_64-linux-gnu/libgio-2.0.so.0.4002.0
7fe3886f2000-7fe3886f4000 rw-p 0016f000 08:05 2629838                    /usr/lib/x86_64-linux-gnu/libgio-2.0.so.0.4002.0
7fe3886f4000-7fe3886f6000 rw-p 00000000 00:00 0 
7fe3886f6000-7fe38870d000 r-xp 00000000 08:05 2762988                    /usr/lib/jvm/java-7-openjdk-amd64/jre/lib/amd64/libnet.so
7fe38870d000-7fe38890c000 ---p 00017000 08:05 2762988                    /usr/lib/jvm/java-7-openjdk-amd64/jre/lib/amd64/libnet.so
7fe38890c000-7fe38890d000 r--p 00016000 08:05 2762988                    /usr/lib/jvm/java-7-openjdk-amd64/jre/lib/amd64/libnet.so
7fe38890d000-7fe38890e000 rw-p 00017000 08:05 2762988                    /usr/lib/jvm/java-7-openjdk-amd64/jre/lib/amd64/libnet.so
7fe38890e000-7fe38891e000 r-xp 00000000 08:05 2762970                    /usr/lib/jvm/java-7-openjdk-amd64/jre/lib/amd64/libnio.so
7fe38891e000-7fe388b1e000 ---p 00010000 08:05 2762970                    /usr/lib/jvm/java-7-openjdk-amd64/jre/lib/amd64/libnio.so
7fe388b1e000-7fe388b1f000 r--p 00010000 08:05 2762970                    /usr/lib/jvm/java-7-openjdk-amd64/jre/lib/amd64/libnio.so
7fe388b1f000-7fe388b20000 rw-p 00011000 08:05 2762970                    /usr/lib/jvm/java-7-openjdk-amd64/jre/lib/amd64/libnio.so
7fe388b20000-7fe388b63000 r--s 00332000 00:1a 2099924                    /home/smir/.m2/repository/org/clojure/clojure/1.8.0/clojure-1.8.0.jar
7fe388b63000-7fe388b64000 ---p 00000000 00:00 0 
7fe388b64000-7fe388c64000 rw-p 00000000 00:00 0                          [stack:16329]
7fe388c64000-7fe388c67000 ---p 00000000 00:00 0 
7fe388c67000-7fe388d65000 rw-p 00000000 00:00 0                          [stack:16328]
7fe388d65000-7fe388d68000 ---p 00000000 00:00 0 
7fe388d68000-7fe388e66000 rw-p 00000000 00:00 0                          [stack:16327]
7fe388e66000-7fe388e69000 ---p 00000000 00:00 0 
7fe388e69000-7fe388f67000 rw-p 00000000 00:00 0                          [stack:16326]
7fe388f67000-7fe388f6a000 ---p 00000000 00:00 0 
7fe388f6a000-7fe389068000 rw-p 00000000 00:00 0                          [stack:16325]
7fe389068000-7fe389343000 r--p 00000000 08:05 2627967                    /usr/lib/locale/locale-archive
7fe389343000-7fe389346000 ---p 00000000 00:00 0 
7fe389346000-7fe389444000 rw-p 00000000 00:00 0                          [stack:16324]
7fe389444000-7fe389447000 ---p 00000000 00:00 0 
7fe389447000-7fe389545000 rw-p 00000000 00:00 0                          [stack:16323]
7fe389545000-7fe389546000 ---p 00000000 00:00 0 
7fe389546000-7fe389e4e000 rw-p 00000000 00:00 0                          [stack:16322]
7fe389e4e000-7fe38a000000 r--s 01d2f000 08:05 2762954                    /usr/lib/jvm/java-7-openjdk-amd64/jre/lib/rt.jar
7fe38a000000-7fe38a4d0000 rwxp 00000000 00:00 0 
7fe38a4d0000-7fe390ec9000 rw-p 00000000 00:00 0 
7fe390ec9000-7fe394000000 ---p 00000000 00:00 0 
7fe394000000-7fe394002000 r--s 00005000 00:1a 1576804                    /home/smir/.m2/repository/stax/stax-api/1.0.1/stax-api-1.0.1.jar
7fe394002000-7fe394003000 r--s 00000000 00:1a 1576846                    /home/smir/.m2/repository/incanter/incanter-sql/1.9.0/incanter-sql-1.9.0.jar
7fe394003000-7fe394005000 r--s 0000c000 00:1a 1576745                    /home/smir/.m2/repository/com/github/rwl/JKLU/1.0.0/JKLU-1.0.0.jar
7fe394005000-7fe394007000 r--s 00011000 00:1a 1576120                    /home/smir/.m2/repository/com/fasterxml/jackson/dataformat/jackson-dataformat-smile/2.3.1/jackson-dataformat-smile-2.3.1.jar
7fe394007000-7fe394008000 r--s 00001000 00:1a 1576723                    /home/smir/.m2/repository/org/clojure/tools.macro/0.1.5/tools.macro-0.1.5.jar
7fe394008000-7fe394014000 r--s 00108000 00:1a 1576258                    /home/smir/.m2/repository/com/lowagie/itext/2.1.7/itext-2.1.7.jar
7fe394014000-7fe394015000 r--s 00001000 00:1a 1576761                    /home/smir/.m2/repository/org/clojure/data.json/0.2.0/data.json-0.2.0.jar
7fe394015000-7fe394027000 r--s 00112000 00:1a 1576729                    /home/smir/.m2/repository/net/sourceforge/f2j/arpack_combined_all/0.1/arpack_combined_all-0.1.jar
7fe394027000-7fe394028000 r--s 00004000 00:1a 1576752                    /home/smir/.m2/repository/net/sf/opencsv/opencsv/2.3/opencsv-2.3.jar
7fe394028000-7fe394029000 r--s 00001000 00:1a 1576256                    /home/smir/.m2/repository/tigris/tigris/0.1.1/tigris-0.1.1.jar
7fe394029000-7fe39402b000 r--s 00005000 00:1a 1576240                    /home/smir/.m2/repository/ring/ring-core/1.2.2/ring-core-1.2.2.jar
7fe39402b000-7fe394034000 r--s 000e6000 00:1a 1576794                    /home/smir/.m2/repository/org/scilab/forge/jlatexmath/0.9.6/jlatexmath-0.9.6.jar
7fe394034000-7fe395e09000 rw-p 00000000 00:00 0 
7fe395e09000-7fe395e0a000 ---p 00000000 00:00 0 
7fe395e0a000-7fe395f0a000 rw-p 00000000 00:00 0                          [stack:16321]
7fe395f0a000-7fe395f0b000 ---p 00000000 00:00 0 
7fe395f0b000-7fe39601b000 rw-p 00000000 00:00 0                          [stack:16320]
7fe39601b000-7fe3960e9000 rw-p 00000000 00:00 0 
7fe3960e9000-7fe3960f9000 rw-p 00000000 00:00 0 
7fe3960f9000-7fe39613c000 rw-p 00000000 00:00 0 
7fe39613c000-7fe39614c000 rw-p 00000000 00:00 0 
7fe39614c000-7fe39621a000 rw-p 00000000 00:00 0 
7fe39621a000-7fe396265000 rw-p 00000000 00:00 0 
7fe396265000-7fe396289000 rw-p 00000000 00:00 0 
7fe396289000-7fe39629e000 rw-p 00000000 00:00 0 
7fe39629e000-7fe39640a000 rw-p 00000000 00:00 0 
7fe39640a000-7fe396412000 r-xp 00000000 08:05 2762963                    /usr/lib/jvm/java-7-openjdk-amd64/jre/lib/amd64/libzip.so
7fe396412000-7fe396611000 ---p 00008000 08:05 2762963                    /usr/lib/jvm/java-7-openjdk-amd64/jre/lib/amd64/libzip.so
7fe396611000-7fe396612000 r--p 00007000 08:05 2762963                    /usr/lib/jvm/java-7-openjdk-amd64/jre/lib/amd64/libzip.so
7fe396612000-7fe396613000 rw-p 00008000 08:05 2762963                    /usr/lib/jvm/java-7-openjdk-amd64/jre/lib/amd64/libzip.so
7fe396613000-7fe39661e000 r-xp 00000000 08:05 267954                     /lib/x86_64-linux-gnu/libnss_files-2.19.so
7fe39661e000-7fe39681d000 ---p 0000b000 08:05 267954                     /lib/x86_64-linux-gnu/libnss_files-2.19.so
7fe39681d000-7fe39681e000 r--p 0000a000 08:05 267954                     /lib/x86_64-linux-gnu/libnss_files-2.19.so
7fe39681e000-7fe39681f000 rw-p 0000b000 08:05 267954                     /lib/x86_64-linux-gnu/libnss_files-2.19.so
7fe39681f000-7fe39682a000 r-xp 00000000 08:05 267946                     /lib/x86_64-linux-gnu/libnss_nis-2.19.so
7fe39682a000-7fe396a29000 ---p 0000b000 08:05 267946                     /lib/x86_64-linux-gnu/libnss_nis-2.19.so
7fe396a29000-7fe396a2a000 r--p 0000a000 08:05 267946                     /lib/x86_64-linux-gnu/libnss_nis-2.19.so
7fe396a2a000-7fe396a2b000 rw-p 0000b000 08:05 267946                     /lib/x86_64-linux-gnu/libnss_nis-2.19.so
7fe396a2b000-7fe396a42000 r-xp 00000000 08:05 267942                     /lib/x86_64-linux-gnu/libnsl-2.19.so
7fe396a42000-7fe396c41000 ---p 00017000 08:05 267942                     /lib/x86_64-linux-gnu/libnsl-2.19.so
7fe396c41000-7fe396c42000 r--p 00016000 08:05 267942                     /lib/x86_64-linux-gnu/libnsl-2.19.so
7fe396c42000-7fe396c43000 rw-p 00017000 08:05 267942                     /lib/x86_64-linux-gnu/libnsl-2.19.so
7fe396c43000-7fe396c45000 rw-p 00000000 00:00 0 
7fe396c45000-7fe396c4e000 r-xp 00000000 08:05 267941                     /lib/x86_64-linux-gnu/libnss_compat-2.19.so
7fe396c4e000-7fe396e4d000 ---p 00009000 08:05 267941                     /lib/x86_64-linux-gnu/libnss_compat-2.19.so
7fe396e4d000-7fe396e4e000 r--p 00008000 08:05 267941                     /lib/x86_64-linux-gnu/libnss_compat-2.19.so
7fe396e4e000-7fe396e4f000 rw-p 00009000 08:05 267941                     /lib/x86_64-linux-gnu/libnss_compat-2.19.so
7fe396e4f000-7fe396e7a000 r-xp 00000000 08:05 2762984                    /usr/lib/jvm/java-7-openjdk-amd64/jre/lib/amd64/libjava.so
7fe396e7a000-7fe39707a000 ---p 0002b000 08:05 2762984                    /usr/lib/jvm/java-7-openjdk-amd64/jre/lib/amd64/libjava.so
7fe39707a000-7fe39707b000 r--p 0002b000 08:05 2762984                    /usr/lib/jvm/java-7-openjdk-amd64/jre/lib/amd64/libjava.so
7fe39707b000-7fe39707d000 rw-p 0002c000 08:05 2762984                    /usr/lib/jvm/java-7-openjdk-amd64/jre/lib/amd64/libjava.so
7fe39707d000-7fe39708d000 r-xp 00000000 08:05 2762968                    /usr/lib/jvm/java-7-openjdk-amd64/jre/lib/amd64/libverify.so
7fe39708d000-7fe39728c000 ---p 00010000 08:05 2762968                    /usr/lib/jvm/java-7-openjdk-amd64/jre/lib/amd64/libverify.so
7fe39728c000-7fe39728e000 r--p 0000f000 08:05 2762968                    /usr/lib/jvm/java-7-openjdk-amd64/jre/lib/amd64/libverify.so
7fe39728e000-7fe39728f000 rw-p 00011000 08:05 2762968                    /usr/lib/jvm/java-7-openjdk-amd64/jre/lib/amd64/libverify.so
7fe39728f000-7fe397296000 r-xp 00000000 08:05 267950                     /lib/x86_64-linux-gnu/librt-2.19.so
7fe397296000-7fe397495000 ---p 00007000 08:05 267950                     /lib/x86_64-linux-gnu/librt-2.19.so
7fe397495000-7fe397496000 r--p 00006000 08:05 267950                     /lib/x86_64-linux-gnu/librt-2.19.so
7fe397496000-7fe397497000 rw-p 00007000 08:05 267950                     /lib/x86_64-linux-gnu/librt-2.19.so
7fe397497000-7fe3974ad000 r-xp 00000000 08:05 262874                     /lib/x86_64-linux-gnu/libgcc_s.so.1
7fe3974ad000-7fe3976ac000 ---p 00016000 08:05 262874                     /lib/x86_64-linux-gnu/libgcc_s.so.1
7fe3976ac000-7fe3976ad000 rw-p 00015000 08:05 262874                     /lib/x86_64-linux-gnu/libgcc_s.so.1
7fe3976ad000-7fe3977b2000 r-xp 00000000 08:05 267935                     /lib/x86_64-linux-gnu/libm-2.19.so
7fe3977b2000-7fe3979b1000 ---p 00105000 08:05 267935                     /lib/x86_64-linux-gnu/libm-2.19.so
7fe3979b1000-7fe3979b2000 r--p 00104000 08:05 267935                     /lib/x86_64-linux-gnu/libm-2.19.so
7fe3979b2000-7fe3979b3000 rw-p 00105000 08:05 267935                     /lib/x86_64-linux-gnu/libm-2.19.so
7fe3979b3000-7fe397a99000 r-xp 00000000 08:05 2622686                    /usr/lib/x86_64-linux-gnu/libstdc++.so.6.0.19
7fe397a99000-7fe397c98000 ---p 000e6000 08:05 2622686                    /usr/lib/x86_64-linux-gnu/libstdc++.so.6.0.19
7fe397c98000-7fe397ca0000 r--p 000e5000 08:05 2622686                    /usr/lib/x86_64-linux-gnu/libstdc++.so.6.0.19
7fe397ca0000-7fe397ca2000 rw-p 000ed000 08:05 2622686                    /usr/lib/x86_64-linux-gnu/libstdc++.so.6.0.19
7fe397ca2000-7fe397cb7000 rw-p 00000000 00:00 0 
7fe397cb7000-7fe3987dc000 r-xp 00000000 08:05 2762964                    /usr/lib/jvm/java-7-openjdk-amd64/jre/lib/amd64/server/libjvm.so
7fe3987dc000-7fe3989dc000 ---p 00b25000 08:05 2762964                    /usr/lib/jvm/java-7-openjdk-amd64/jre/lib/amd64/server/libjvm.so
7fe3989dc000-7fe398a76000 r--p 00b25000 08:05 2762964                    /usr/lib/jvm/java-7-openjdk-amd64/jre/lib/amd64/server/libjvm.so
7fe398a76000-7fe398a99000 rw-p 00bbf000 08:05 2762964                    /usr/lib/jvm/java-7-openjdk-amd64/jre/lib/amd64/server/libjvm.so
7fe398a99000-7fe398ac7000 rw-p 00000000 00:00 0 
7fe398ac7000-7fe398adf000 r-xp 00000000 08:05 266496                     /lib/x86_64-linux-gnu/libz.so.1.2.8
7fe398adf000-7fe398cde000 ---p 00018000 08:05 266496                     /lib/x86_64-linux-gnu/libz.so.1.2.8
7fe398cde000-7fe398cdf000 r--p 00017000 08:05 266496                     /lib/x86_64-linux-gnu/libz.so.1.2.8
7fe398cdf000-7fe398ce0000 rw-p 00018000 08:05 266496                     /lib/x86_64-linux-gnu/libz.so.1.2.8
7fe398ce0000-7fe398cf9000 r-xp 00000000 08:05 267943                     /lib/x86_64-linux-gnu/libpthread-2.19.so
7fe398cf9000-7fe398ef8000 ---p 00019000 08:05 267943                     /lib/x86_64-linux-gnu/libpthread-2.19.so
7fe398ef8000-7fe398ef9000 r--p 00018000 08:05 267943                     /lib/x86_64-linux-gnu/libpthread-2.19.so
7fe398ef9000-7fe398efa000 rw-p 00019000 08:05 267943                     /lib/x86_64-linux-gnu/libpthread-2.19.so
7fe398efa000-7fe398efe000 rw-p 00000000 00:00 0 
7fe398efe000-7fe398f01000 r-xp 00000000 08:05 267938                     /lib/x86_64-linux-gnu/libdl-2.19.so
7fe398f01000-7fe399100000 ---p 00003000 08:05 267938                     /lib/x86_64-linux-gnu/libdl-2.19.so
7fe399100000-7fe399101000 r--p 00002000 08:05 267938                     /lib/x86_64-linux-gnu/libdl-2.19.so
7fe399101000-7fe399102000 rw-p 00003000 08:05 267938                     /lib/x86_64-linux-gnu/libdl-2.19.so
7fe399102000-7fe3992bd000 r-xp 00000000 08:05 267951                     /lib/x86_64-linux-gnu/libc-2.19.so
7fe3992bd000-7fe3994bc000 ---p 001bb000 08:05 267951                     /lib/x86_64-linux-gnu/libc-2.19.so
7fe3994bc000-7fe3994c0000 r--p 001ba000 08:05 267951                     /lib/x86_64-linux-gnu/libc-2.19.so
7fe3994c0000-7fe3994c2000 rw-p 001be000 08:05 267951                     /lib/x86_64-linux-gnu/libc-2.19.so
7fe3994c2000-7fe3994c7000 rw-p 00000000 00:00 0 
7fe3994c7000-7fe3994d4000 r-xp 00000000 08:05 2762958                    /usr/lib/jvm/java-7-openjdk-amd64/jre/lib/amd64/jli/libjli.so
7fe3994d4000-7fe3996d3000 ---p 0000d000 08:05 2762958                    /usr/lib/jvm/java-7-openjdk-amd64/jre/lib/amd64/jli/libjli.so
7fe3996d3000-7fe3996d4000 r--p 0000c000 08:05 2762958                    /usr/lib/jvm/java-7-openjdk-amd64/jre/lib/amd64/jli/libjli.so
7fe3996d4000-7fe3996d5000 rw-p 0000d000 08:05 2762958                    /usr/lib/jvm/java-7-openjdk-amd64/jre/lib/amd64/jli/libjli.so
7fe3996d5000-7fe3996f8000 r-xp 00000000 08:05 267944                     /lib/x86_64-linux-gnu/ld-2.19.so
7fe3996f8000-7fe3996f9000 r--s 00000000 00:1a 1704269                    /home/smir/.m2/repository/grimradical/clj-semver/0.2.0/clj-semver-0.2.0.jar
7fe3996f9000-7fe3996fb000 r--s 00000000 00:1a 1576207                    /home/smir/.m2/repository/org/tcrawley/dynapath/0.2.3/dynapath-0.2.3.jar
7fe3996fb000-7fe3996fc000 r--s 00000000 00:1a 2231057                    /home/smir/.m2/repository/lein-gorilla/lein-gorilla/0.3.5/lein-gorilla-0.3.5.jar
7fe3996fc000-7fe399700000 r--s 00085000 08:05 2762993                    /usr/lib/jvm/java-7-openjdk-amd64/jre/lib/ext/localedata.jar
7fe399700000-7fe399703000 r--s 0000f000 08:05 2762998                    /usr/lib/jvm/java-7-openjdk-amd64/jre/lib/ext/icedtea-sound.jar
7fe399703000-7fe399707000 r--s 0003c000 08:05 2762996                    /usr/lib/jvm/java-7-openjdk-amd64/jre/lib/ext/sunpkcs11.jar
7fe399707000-7fe399709000 r--s 00012000 08:05 2762995                    /usr/lib/jvm/java-7-openjdk-amd64/jre/lib/ext/zipfs.jar
7fe399709000-7fe39978a000 rw-p 00000000 00:00 0 
7fe39978a000-7fe3997cd000 rw-p 00000000 00:00 0 
7fe3997cd000-7fe3997d0000 ---p 00000000 00:00 0 
7fe3997d0000-7fe3998d3000 rw-p 00000000 00:00 0                          [stack:16319]
7fe3998d3000-7fe3998d7000 r--s 00034000 08:05 2762994                    /usr/lib/jvm/java-7-openjdk-amd64/jre/lib/ext/sunjce_provider.jar
7fe3998d7000-7fe3998d8000 r--s 00002000 08:05 2762997                    /usr/lib/jvm/java-7-openjdk-amd64/jre/lib/ext/dnsns.jar
7fe3998d8000-7fe3998da000 r--s 00006000 08:05 3151827                    /usr/share/java/java-atk-wrapper.jar
7fe3998da000-7fe3998eb000 rw-p 00000000 00:00 0 
7fe3998eb000-7fe3998f3000 rw-s 00000000 08:05 3803490                    /tmp/hsperfdata_smir/16313
7fe3998f3000-7fe3998f4000 rw-p 00000000 00:00 0 
7fe3998f4000-7fe3998f5000 ---p 00000000 00:00 0 
7fe3998f5000-7fe3998f7000 rw-p 00000000 00:00 0 
7fe3998f7000-7fe3998f8000 r--p 00022000 08:05 267944                     /lib/x86_64-linux-gnu/ld-2.19.so
7fe3998f8000-7fe3998f9000 rw-p 00023000 08:05 267944                     /lib/x86_64-linux-gnu/ld-2.19.so
7fe3998f9000-7fe3998fa000 rw-p 00000000 00:00 0 
7fffee259000-7fffee27c000 rw-p 00000000 00:00 0                          [stack]
7fffee3cc000-7fffee3ce000 r-xp 00000000 00:00 0                          [vdso]
ffffffffff600000-ffffffffff601000 r-xp 00000000 00:00 0                  [vsyscall]

VM Arguments:
jvm_args: -Dfile.encoding=UTF-8 -XX:+TieredCompilation -XX:TieredStopAtLevel=1 -XX:-OmitStackTraceInFastThrow -Dclojure.compile.path=target/classes -D.version=null -Dclojure.debug=false 
java_command: clojure.main -i /tmp/form-init5570004575296390975.clj
Launcher Type: SUN_STANDARD

Environment Variables:
CLASSPATH=/home/smir/.lein/self-installs/leiningen-2.6.1-standalone.jar
PATH=/usr/local/sbin:/usr/local/bin:/usr/sbin:/usr/bin:/sbin:/bin:/usr/games:/usr/local/games
USERNAME=smir
SHELL=/bin/bash
DISPLAY=:0.0

Signal Handlers:
SIGSEGV: [libjvm.so+0x955bc0], sa_mask[0]=0x7ffbfeff, sa_flags=0x10000004
SIGBUS: [libjvm.so+0x955bc0], sa_mask[0]=0x7ffbfeff, sa_flags=0x10000004
SIGFPE: [libjvm.so+0x7caff0], sa_mask[0]=0x7ffbfeff, sa_flags=0x10000004
SIGPIPE: [libjvm.so+0x7caff0], sa_mask[0]=0x7ffbfeff, sa_flags=0x10000004
SIGXFSZ: [libjvm.so+0x7caff0], sa_mask[0]=0x7ffbfeff, sa_flags=0x10000004
SIGILL: [libjvm.so+0x7caff0], sa_mask[0]=0x7ffbfeff, sa_flags=0x10000004
SIGUSR1: SIG_DFL, sa_mask[0]=0x00000000, sa_flags=0x00000000
SIGUSR2: [libjvm.so+0x7cae90], sa_mask[0]=0x00000004, sa_flags=0x10000004
SIGHUP: [libjvm.so+0x7cb070], sa_mask[0]=0x7ffbfeff, sa_flags=0x10000004
SIGINT: [libjvm.so+0x7cb070], sa_mask[0]=0x7ffbfeff, sa_flags=0x10000004
SIGTERM: [libjvm.so+0x7cb070], sa_mask[0]=0x7ffbfeff, sa_flags=0x10000004
SIGQUIT: [libjvm.so+0x7cb070], sa_mask[0]=0x7ffbfeff, sa_flags=0x10000004
SIGTRAP: SIG_DFL, sa_mask[0]=0x00000000, sa_flags=0x00000000


---------------  S Y S T E M  ---------------

OS:LinuxMint 17.1 (rebecca)
uname:Linux 3.13.0-37-generic #64-Ubuntu SMP Mon Sep 22 21:28:38 UTC 2014 x86_64
libc:glibc 2.19 NPTL 2.19 
rlimit: STACK 8515k, CORE 0k, NPROC 13067, NOFILE 4096, AS infinity
load average:7.05 2.43 1.11

/proc/meminfo:
MemTotal:        1934320 kB
MemFree:           64272 kB
Buffers:             624 kB
Cached:           152592 kB
SwapCached:            0 kB
Active:          1606136 kB
Inactive:         148704 kB
Active(anon):    1603140 kB
Inactive(anon):   133220 kB
Active(file):       2996 kB
Inactive(file):    15484 kB
Unevictable:           0 kB
Mlocked:               0 kB
SwapTotal:             0 kB
SwapFree:              0 kB
Dirty:               184 kB
Writeback:             0 kB
AnonPages:       1601732 kB
Mapped:            62548 kB
Shmem:            134628 kB
Slab:              49200 kB
SReclaimable:      21948 kB
SUnreclaim:        27252 kB
KernelStack:        3552 kB
PageTables:        26392 kB
NFS_Unstable:          0 kB
Bounce:                0 kB
WritebackTmp:          0 kB
CommitLimit:      967160 kB
Committed_AS:    3706480 kB
VmallocTotal:   34359738367 kB
VmallocUsed:      540440 kB
VmallocChunk:   34359173756 kB
HardwareCorrupted:     0 kB
AnonHugePages:    167936 kB
HugePages_Total:       0
HugePages_Free:        0
HugePages_Rsvd:        0
HugePages_Surp:        0
Hugepagesize:       2048 kB
DirectMap4k:       72780 kB
DirectMap2M:     1908736 kB


CPU:total 2 (2 cores per cpu, 1 threads per core) family 6 model 55 stepping 8, cmov, cx8, fxsr, mmx, sse, sse2, sse3, ssse3, sse4.1, sse4.2, popcnt, erms, tsc, tscinvbit

/proc/cpuinfo:
processor	: 0
vendor_id	: GenuineIntel
cpu family	: 6
model		: 55
model name	: Intel(R) Celeron(R) CPU  N2840  @ 2.16GHz
stepping	: 8
microcode	: 0x815
cpu MHz		: 2159.000
cache size	: 1024 KB
physical id	: 0
siblings	: 2
core id		: 0
cpu cores	: 2
apicid		: 0
initial apicid	: 0
fpu		: yes
fpu_exception	: yes
cpuid level	: 11
wp		: yes
flags		: fpu vme de pse tsc msr pae mce cx8 apic sep mtrr pge mca cmov pat pse36 clflush dts acpi mmx fxsr sse sse2 ss ht tm pbe syscall nx rdtscp lm constant_tsc arch_perfmon pebs bts rep_good nopl xtopology nonstop_tsc aperfmperf pni pclmulqdq dtes64 monitor ds_cpl vmx est tm2 ssse3 cx16 xtpr pdcm sse4_1 sse4_2 movbe popcnt tsc_deadline_timer rdrand lahf_lm 3dnowprefetch ida arat epb dtherm tpr_shadow vnmi flexpriority ept vpid tsc_adjust smep erms
bogomips	: 4333.50
clflush size	: 64
cache_alignment	: 64
address sizes	: 36 bits physical, 48 bits virtual
power management:

processor	: 1
vendor_id	: GenuineIntel
cpu family	: 6
model		: 55
model name	: Intel(R) Celeron(R) CPU  N2840  @ 2.16GHz
stepping	: 8
microcode	: 0x815
cpu MHz		: 2159.000
cache size	: 1024 KB
physical id	: 0
siblings	: 2
core id		: 1
cpu cores	: 2
apicid		: 2
initial apicid	: 2
fpu		: yes
fpu_exception	: yes
cpuid level	: 11
wp		: yes
flags		: fpu vme de pse tsc msr pae mce cx8 apic sep mtrr pge mca cmov pat pse36 clflush dts acpi mmx fxsr sse sse2 ss ht tm pbe syscall nx rdtscp lm constant_tsc arch_perfmon pebs bts rep_good nopl xtopology nonstop_tsc aperfmperf pni pclmulqdq dtes64 monitor ds_cpl vmx est tm2 ssse3 cx16 xtpr pdcm sse4_1 sse4_2 movbe popcnt tsc_deadline_timer rdrand lahf_lm 3dnowprefetch ida arat epb dtherm tpr_shadow vnmi flexpriority ept vpid tsc_adjust smep erms
bogomips	: 4333.50
clflush size	: 64
cache_alignment	: 64
address sizes	: 36 bits physical, 48 bits virtual
power management:



Memory: 4k page, physical 1934320k(63136k free), swap 0k(0k free)

vm_info: OpenJDK 64-Bit Server VM (24.95-b01) for linux-amd64 JRE (1.7.0_95-b00), built on Jan 21 2016 03:31:40 by "buildd" with gcc 4.8.4

time: Sun Feb 28 23:17:28 2016
elapsed time: 61 seconds

